This is pdfTeX, Version 3.141592653-2.6-1.40.24 (MiKTeX 22.3) (preloaded format=pdflatex 2022.4.2)  14 APR 2022 15:24
entering extended mode
 restricted \write18 enabled.
 %&-line parsing enabled.
**./report1.tex
(report1.tex
LaTeX2e <2021-11-15> patch level 1
L3 programming layer <2022-02-24>
(C:\Users\ΕΥΑΓΓΕΛΙΑ\AppData\Local\Programs\MiKTeX\tex/latex/base\artic
le.cls
Document Class: article 2021/10/04 v1.4n Standard LaTeX document class

(C:\Users\ΕΥΑΓΓΕΛΙΑ\AppData\Local\Programs\MiKTeX\tex/latex/base\size1
1.clo
File: size11.clo 2021/10/04 v1.4n Standard LaTeX file (size option)
)
\c@part=\count185
\c@section=\count186
\c@subsection=\count187
\c@subsubsection=\count188
\c@paragraph=\count189
\c@subparagraph=\count190
\c@figure=\count191
\c@table=\count192
\abovecaptionskip=\skip47
\belowcaptionskip=\skip48
\bibindent=\dimen138
)
(C:\Users\ΕΥΑΓΓΕΛΙΑ\AppData\Local\Programs\MiKTeX\tex/latex/ucs\ucs.st
y
Package: ucs 2013/05/11 v2.2 UCS: Unicode input support

(C:\Users\ΕΥΑΓΓΕΛΙΑ\AppData\Local\Programs\MiKTeX\tex/latex/ucs\uni-gl
obal.def
File: uni-global.def 2013/05/13 UCS: Unicode global data
)
\uc@secondtry=\count193
\uc@combtoks=\toks16
\uc@combtoksb=\toks17
\uc@temptokena=\toks18
)
(C:\Users\ΕΥΑΓΓΕΛΙΑ\AppData\Local\Programs\MiKTeX\tex/latex/base\input
enc.sty
Package: inputenc 2021/02/14 v1.3d Input encoding file
\inpenc@prehook=\toks19
\inpenc@posthook=\toks20

(C:\Users\ΕΥΑΓΓΕΛΙΑ\AppData\Local\Programs\MiKTeX\tex/latex/ucs\utf8x.
def
File: utf8x.def 2004/10/17 UCS: Input encoding UTF-8
))
(C:\Users\ΕΥΑΓΓΕΛΙΑ\AppData\Local\Programs\MiKTeX\tex/latex/geometry\g
eometry.sty
Package: geometry 2020/01/02 v5.9 Page Geometry

(C:\Users\ΕΥΑΓΓΕΛΙΑ\AppData\Local\Programs\MiKTeX\tex/latex/graphics\k
eyval.sty
Package: keyval 2014/10/28 v1.15 key=value parser (DPC)
\KV@toks@=\toks21
)
(C:\Users\ΕΥΑΓΓΕΛΙΑ\AppData\Local\Programs\MiKTeX\tex/generic/iftex\if
vtex.sty
Package: ifvtex 2019/10/25 v1.7 ifvtex legacy package. Use iftex instead.

(C:\Users\ΕΥΑΓΓΕΛΙΑ\AppData\Local\Programs\MiKTeX\tex/generic/iftex\if
tex.sty
Package: iftex 2022/02/03 v1.0f TeX engine tests
))
\Gm@cnth=\count194
\Gm@cntv=\count195
\c@Gm@tempcnt=\count196
\Gm@bindingoffset=\dimen139
\Gm@wd@mp=\dimen140
\Gm@odd@mp=\dimen141
\Gm@even@mp=\dimen142
\Gm@layoutwidth=\dimen143
\Gm@layoutheight=\dimen144
\Gm@layouthoffset=\dimen145
\Gm@layoutvoffset=\dimen146
\Gm@dimlist=\toks22

(C:\Users\ΕΥΑΓΓΕΛΙΑ\AppData\Local\Programs\MiKTeX\tex/latex/geometry\g
eometry.cfg))
(C:\Users\ΕΥΑΓΓΕΛΙΑ\AppData\Local\Programs\MiKTeX\tex/generic/babel\ba
bel.sty
Package: babel 2022/02/26 3.73 The Babel package
\babel@savecnt=\count197
\U@D=\dimen147
\l@unhyphenated=\language79

(C:\Users\ΕΥΑΓΓΕΛΙΑ\AppData\Local\Programs\MiKTeX\tex/generic/babel\tx
tbabel.def)
\bbl@readstream=\read2
\bbl@dirlevel=\count198

*************************************
* Local config file bblopts.cfg used
*

(C:\Users\ΕΥΑΓΓΕΛΙΑ\AppData\Local\Programs\MiKTeX\tex/latex/arabi\bblo
pts.cfg
File: bblopts.cfg 2005/09/08 v0.1 add Arabic and Farsi to "declared" options of
 babel
)
(C:\Users\ΕΥΑΓΓΕΛΙΑ\AppData\Local\Programs\MiKTeX\tex/latex/babel-gree
k\greek.ldf
Language: greek 2020/11/10 v1.10 Greek support for the babel system
\bbl@monogreek=\count199
\bbl@polygreek=\count266
\bbl@ancientgreek=\count267

(C:\Users\ΕΥΑΓΓΕΛΙΑ\AppData\Local\Programs\MiKTeX\tex/latex/greek-font
enc\lgrenc.def
File: lgrenc.def 2020/10/13 2.0 LGR Greek font encoding definitions

(C:\Users\ΕΥΑΓΓΕΛΙΑ\AppData\Local\Programs\MiKTeX\tex/latex/greek-font
enc\greek-fontenc.def
File: greek-fontenc.def 2020/10/30 2.0 Common Greek font encoding definitions
))
LaTeX Info: Redefining \& on input line 125.
)
(C:\Users\ΕΥΑΓΓΕΛΙΑ\AppData\Local\Programs\MiKTeX\tex/latex/babel-engl
ish\english.ldf
Language: english 2017/06/06 v3.3r English support from the babel system
Package babel Info: Hyphen rules for 'canadian' set to \l@english
(babel)             (\language0). Reported on input line 102.
Package babel Info: Hyphen rules for 'australian' set to \l@ukenglish
(babel)             (\language73). Reported on input line 105.
Package babel Info: Hyphen rules for 'newzealand' set to \l@ukenglish
(babel)             (\language73). Reported on input line 108.
))
(C:\Users\ΕΥΑΓΓΕΛΙΑ\AppData\Local\Programs\MiKTeX\tex/latex/amsmath\am
smath.sty
Package: amsmath 2021/10/15 v2.17l AMS math features
\@mathmargin=\skip49

For additional information on amsmath, use the `?' option.

(C:\Users\ΕΥΑΓΓΕΛΙΑ\AppData\Local\Programs\MiKTeX\tex/latex/amsmath\am
stext.sty
Package: amstext 2021/08/26 v2.01 AMS text

(C:\Users\ΕΥΑΓΓΕΛΙΑ\AppData\Local\Programs\MiKTeX\tex/latex/amsmath\am
sgen.sty
File: amsgen.sty 1999/11/30 v2.0 generic functions
\@emptytoks=\toks23
\ex@=\dimen148
))
(C:\Users\ΕΥΑΓΓΕΛΙΑ\AppData\Local\Programs\MiKTeX\tex/latex/amsmath\am
sbsy.sty
Package: amsbsy 1999/11/29 v1.2d Bold Symbols
\pmbraise@=\dimen149
)
(C:\Users\ΕΥΑΓΓΕΛΙΑ\AppData\Local\Programs\MiKTeX\tex/latex/amsmath\am
sopn.sty
Package: amsopn 2021/08/26 v2.02 operator names
)
\inf@bad=\count268
LaTeX Info: Redefining \frac on input line 234.
\uproot@=\count269
\leftroot@=\count270
LaTeX Info: Redefining \overline on input line 399.
\classnum@=\count271
\DOTSCASE@=\count272
LaTeX Info: Redefining \ldots on input line 496.
LaTeX Info: Redefining \dots on input line 499.
LaTeX Info: Redefining \cdots on input line 620.
\Mathstrutbox@=\box50
\strutbox@=\box51
\big@size=\dimen150
LaTeX Font Info:    Redeclaring font encoding OML on input line 743.
LaTeX Font Info:    Redeclaring font encoding OMS on input line 744.
\macc@depth=\count273
\c@MaxMatrixCols=\count274
\dotsspace@=\muskip16
\c@parentequation=\count275
\dspbrk@lvl=\count276
\tag@help=\toks24
\row@=\count277
\column@=\count278
\maxfields@=\count279
\andhelp@=\toks25
\eqnshift@=\dimen151
\alignsep@=\dimen152
\tagshift@=\dimen153
\tagwidth@=\dimen154
\totwidth@=\dimen155
\lineht@=\dimen156
\@envbody=\toks26
\multlinegap=\skip50
\multlinetaggap=\skip51
\mathdisplay@stack=\toks27
LaTeX Info: Redefining \[ on input line 2938.
LaTeX Info: Redefining \] on input line 2939.
)
(C:\Users\ΕΥΑΓΓΕΛΙΑ\AppData\Local\Programs\MiKTeX\tex/latex/amsfonts\a
mssymb.sty
Package: amssymb 2013/01/14 v3.01 AMS font symbols

(C:\Users\ΕΥΑΓΓΕΛΙΑ\AppData\Local\Programs\MiKTeX\tex/latex/amsfonts\a
msfonts.sty
Package: amsfonts 2013/01/14 v3.01 Basic AMSFonts support
\symAMSa=\mathgroup4
\symAMSb=\mathgroup5
LaTeX Font Info:    Redeclaring math symbol \hbar on input line 98.
LaTeX Font Info:    Overwriting math alphabet `\mathfrak' in version `bold'
(Font)                  U/euf/m/n --> U/euf/b/n on input line 106.
))
(C:\Users\ΕΥΑΓΓΕΛΙΑ\AppData\Local\Programs\MiKTeX\tex/latex/mathtools\
mathtools.sty
Package: mathtools 2022/02/07 v1.28a mathematical typesetting tools

(C:\Users\ΕΥΑΓΓΕΛΙΑ\AppData\Local\Programs\MiKTeX\tex/latex/tools\calc
.sty
Package: calc 2017/05/25 v4.3 Infix arithmetic (KKT,FJ)
\calc@Acount=\count280
\calc@Bcount=\count281
\calc@Adimen=\dimen157
\calc@Bdimen=\dimen158
\calc@Askip=\skip52
\calc@Bskip=\skip53
LaTeX Info: Redefining \setlength on input line 80.
LaTeX Info: Redefining \addtolength on input line 81.
\calc@Ccount=\count282
\calc@Cskip=\skip54
)
(C:\Users\ΕΥΑΓΓΕΛΙΑ\AppData\Local\Programs\MiKTeX\tex/latex/mathtools\
mhsetup.sty
Package: mhsetup 2021/03/18 v1.4 programming setup (MH)
)
\g_MT_multlinerow_int=\count283
\l_MT_multwidth_dim=\dimen159
\origjot=\skip55
\l_MT_shortvdotswithinadjustabove_dim=\dimen160
\l_MT_shortvdotswithinadjustbelow_dim=\dimen161
\l_MT_above_intertext_sep=\dimen162
\l_MT_below_intertext_sep=\dimen163
\l_MT_above_shortintertext_sep=\dimen164
\l_MT_below_shortintertext_sep=\dimen165
\xmathstrut@box=\box52
\xmathstrut@dim=\dimen166
)
(C:\Users\ΕΥΑΓΓΕΛΙΑ\AppData\Local\Programs\MiKTeX\tex/latex/float\floa
t.sty
Package: float 2001/11/08 v1.3d Float enhancements (AL)
\c@float@type=\count284
\float@exts=\toks28
\float@box=\box53
\@float@everytoks=\toks29
\@floatcapt=\box54
)
(C:\Users\ΕΥΑΓΓΕΛΙΑ\AppData\Local\Programs\MiKTeX\tex/latex/graphics\g
raphicx.sty
Package: graphicx 2021/09/16 v1.2d Enhanced LaTeX Graphics (DPC,SPQR)

(C:\Users\ΕΥΑΓΓΕΛΙΑ\AppData\Local\Programs\MiKTeX\tex/latex/graphics\g
raphics.sty
Package: graphics 2021/03/04 v1.4d Standard LaTeX Graphics (DPC,SPQR)

(C:\Users\ΕΥΑΓΓΕΛΙΑ\AppData\Local\Programs\MiKTeX\tex/latex/graphics\t
rig.sty
Package: trig 2021/08/11 v1.11 sin cos tan (DPC)
)
(C:\Users\ΕΥΑΓΓΕΛΙΑ\AppData\Local\Programs\MiKTeX\tex/latex/graphics-c
fg\graphics.cfg
File: graphics.cfg 2016/06/04 v1.11 sample graphics configuration
)
Package graphics Info: Driver file: pdftex.def on input line 107.

(C:\Users\ΕΥΑΓΓΕΛΙΑ\AppData\Local\Programs\MiKTeX\tex/latex/graphics-d
ef\pdftex.def
File: pdftex.def 2020/10/05 v1.2a Graphics/color driver for pdftex
))
\Gin@req@height=\dimen167
\Gin@req@width=\dimen168
)
(C:\Users\ΕΥΑΓΓΕΛΙΑ\AppData\Local\Programs\MiKTeX\tex/latex/a4wide\a4w
ide.sty
Package: a4wide 1994/08/30

(C:\Users\ΕΥΑΓΓΕΛΙΑ\AppData\Local\Programs\MiKTeX\tex/latex/ntgclass\a
4.sty
Package: a4 2020/02/18 v1.2g A4 based page layout
))
(C:\Users\ΕΥΑΓΓΕΛΙΑ\AppData\Local\Programs\MiKTeX\tex/latex/pgf/fronte
ndlayer\tikz.sty
(C:\Users\ΕΥΑΓΓΕΛΙΑ\AppData\Local\Programs\MiKTeX\tex/latex/pgf/basicl
ayer\pgf.sty
(C:\Users\ΕΥΑΓΓΕΛΙΑ\AppData\Local\Programs\MiKTeX\tex/latex/pgf/utilit
ies\pgfrcs.sty
(C:\Users\ΕΥΑΓΓΕΛΙΑ\AppData\Local\Programs\MiKTeX\tex/generic/pgf/util
ities\pgfutil-common.tex
\pgfutil@everybye=\toks30
\pgfutil@tempdima=\dimen169
\pgfutil@tempdimb=\dimen170

(C:\Users\ΕΥΑΓΓΕΛΙΑ\AppData\Local\Programs\MiKTeX\tex/generic/pgf/util
ities\pgfutil-common-lists.tex))
(C:\Users\ΕΥΑΓΓΕΛΙΑ\AppData\Local\Programs\MiKTeX\tex/generic/pgf/util
ities\pgfutil-latex.def
\pgfutil@abb=\box55
)
(C:\Users\ΕΥΑΓΓΕΛΙΑ\AppData\Local\Programs\MiKTeX\tex/generic/pgf/util
ities\pgfrcs.code.tex
(C:\Users\ΕΥΑΓΓΕΛΙΑ\AppData\Local\Programs\MiKTeX\tex/generic/pgf\pgf.
revision.tex)
Package: pgfrcs 2021/05/15 v3.1.9a (3.1.9a)
))
Package: pgf 2021/05/15 v3.1.9a (3.1.9a)

(C:\Users\ΕΥΑΓΓΕΛΙΑ\AppData\Local\Programs\MiKTeX\tex/latex/pgf/basicl
ayer\pgfcore.sty
(C:\Users\ΕΥΑΓΓΕΛΙΑ\AppData\Local\Programs\MiKTeX\tex/latex/pgf/system
layer\pgfsys.sty
(C:\Users\ΕΥΑΓΓΕΛΙΑ\AppData\Local\Programs\MiKTeX\tex/generic/pgf/syst
emlayer\pgfsys.code.tex
Package: pgfsys 2021/05/15 v3.1.9a (3.1.9a)

(C:\Users\ΕΥΑΓΓΕΛΙΑ\AppData\Local\Programs\MiKTeX\tex/generic/pgf/util
ities\pgfkeys.code.tex
\pgfkeys@pathtoks=\toks31
\pgfkeys@temptoks=\toks32

(C:\Users\ΕΥΑΓΓΕΛΙΑ\AppData\Local\Programs\MiKTeX\tex/generic/pgf/util
ities\pgfkeysfiltered.code.tex
\pgfkeys@tmptoks=\toks33
))
\pgf@x=\dimen171
\pgf@y=\dimen172
\pgf@xa=\dimen173
\pgf@ya=\dimen174
\pgf@xb=\dimen175
\pgf@yb=\dimen176
\pgf@xc=\dimen177
\pgf@yc=\dimen178
\pgf@xd=\dimen179
\pgf@yd=\dimen180
\w@pgf@writea=\write3
\r@pgf@reada=\read3
\c@pgf@counta=\count285
\c@pgf@countb=\count286
\c@pgf@countc=\count287
\c@pgf@countd=\count288
\t@pgf@toka=\toks34
\t@pgf@tokb=\toks35
\t@pgf@tokc=\toks36
\pgf@sys@id@count=\count289

(C:\Users\ΕΥΑΓΓΕΛΙΑ\AppData\Local\Programs\MiKTeX\tex/generic/pgf/syst
emlayer\pgf.cfg
File: pgf.cfg 2021/05/15 v3.1.9a (3.1.9a)
)
Driver file for pgf: pgfsys-pdftex.def

(C:\Users\ΕΥΑΓΓΕΛΙΑ\AppData\Local\Programs\MiKTeX\tex/generic/pgf/syst
emlayer\pgfsys-pdftex.def
File: pgfsys-pdftex.def 2021/05/15 v3.1.9a (3.1.9a)

(C:\Users\ΕΥΑΓΓΕΛΙΑ\AppData\Local\Programs\MiKTeX\tex/generic/pgf/syst
emlayer\pgfsys-common-pdf.def
File: pgfsys-common-pdf.def 2021/05/15 v3.1.9a (3.1.9a)
)))
(C:\Users\ΕΥΑΓΓΕΛΙΑ\AppData\Local\Programs\MiKTeX\tex/generic/pgf/syst
emlayer\pgfsyssoftpath.code.tex
File: pgfsyssoftpath.code.tex 2021/05/15 v3.1.9a (3.1.9a)
\pgfsyssoftpath@smallbuffer@items=\count290
\pgfsyssoftpath@bigbuffer@items=\count291
)
(C:\Users\ΕΥΑΓΓΕΛΙΑ\AppData\Local\Programs\MiKTeX\tex/generic/pgf/syst
emlayer\pgfsysprotocol.code.tex
File: pgfsysprotocol.code.tex 2021/05/15 v3.1.9a (3.1.9a)
))
(C:\Users\ΕΥΑΓΓΕΛΙΑ\AppData\Local\Programs\MiKTeX\tex/latex/xcolor\xco
lor.sty
Package: xcolor 2021/10/31 v2.13 LaTeX color extensions (UK)

(C:\Users\ΕΥΑΓΓΕΛΙΑ\AppData\Local\Programs\MiKTeX\tex/latex/graphics-c
fg\color.cfg
File: color.cfg 2016/01/02 v1.6 sample color configuration
)
Package xcolor Info: Driver file: pdftex.def on input line 227.
Package xcolor Info: Model `cmy' substituted by `cmy0' on input line 1352.
Package xcolor Info: Model `hsb' substituted by `rgb' on input line 1356.
Package xcolor Info: Model `RGB' extended on input line 1368.
Package xcolor Info: Model `HTML' substituted by `rgb' on input line 1370.
Package xcolor Info: Model `Hsb' substituted by `hsb' on input line 1371.
Package xcolor Info: Model `tHsb' substituted by `hsb' on input line 1372.
Package xcolor Info: Model `HSB' substituted by `hsb' on input line 1373.
Package xcolor Info: Model `Gray' substituted by `gray' on input line 1374.
Package xcolor Info: Model `wave' substituted by `hsb' on input line 1375.
)
(C:\Users\ΕΥΑΓΓΕΛΙΑ\AppData\Local\Programs\MiKTeX\tex/generic/pgf/basi
clayer\pgfcore.code.tex
Package: pgfcore 2021/05/15 v3.1.9a (3.1.9a)

(C:\Users\ΕΥΑΓΓΕΛΙΑ\AppData\Local\Programs\MiKTeX\tex/generic/pgf/math
\pgfmath.code.tex
(C:\Users\ΕΥΑΓΓΕΛΙΑ\AppData\Local\Programs\MiKTeX\tex/generic/pgf/math
\pgfmathcalc.code.tex
(C:\Users\ΕΥΑΓΓΕΛΙΑ\AppData\Local\Programs\MiKTeX\tex/generic/pgf/math
\pgfmathutil.code.tex)
(C:\Users\ΕΥΑΓΓΕΛΙΑ\AppData\Local\Programs\MiKTeX\tex/generic/pgf/math
\pgfmathparser.code.tex
\pgfmath@dimen=\dimen181
\pgfmath@count=\count292
\pgfmath@box=\box56
\pgfmath@toks=\toks37
\pgfmath@stack@operand=\toks38
\pgfmath@stack@operation=\toks39
)
(C:\Users\ΕΥΑΓΓΕΛΙΑ\AppData\Local\Programs\MiKTeX\tex/generic/pgf/math
\pgfmathfunctions.code.tex
(C:\Users\ΕΥΑΓΓΕΛΙΑ\AppData\Local\Programs\MiKTeX\tex/generic/pgf/math
\pgfmathfunctions.basic.code.tex)
(C:\Users\ΕΥΑΓΓΕΛΙΑ\AppData\Local\Programs\MiKTeX\tex/generic/pgf/math
\pgfmathfunctions.trigonometric.code.tex)
(C:\Users\ΕΥΑΓΓΕΛΙΑ\AppData\Local\Programs\MiKTeX\tex/generic/pgf/math
\pgfmathfunctions.random.code.tex)
(C:\Users\ΕΥΑΓΓΕΛΙΑ\AppData\Local\Programs\MiKTeX\tex/generic/pgf/math
\pgfmathfunctions.comparison.code.tex)
(C:\Users\ΕΥΑΓΓΕΛΙΑ\AppData\Local\Programs\MiKTeX\tex/generic/pgf/math
\pgfmathfunctions.base.code.tex)
(C:\Users\ΕΥΑΓΓΕΛΙΑ\AppData\Local\Programs\MiKTeX\tex/generic/pgf/math
\pgfmathfunctions.round.code.tex)
(C:\Users\ΕΥΑΓΓΕΛΙΑ\AppData\Local\Programs\MiKTeX\tex/generic/pgf/math
\pgfmathfunctions.misc.code.tex)
(C:\Users\ΕΥΑΓΓΕΛΙΑ\AppData\Local\Programs\MiKTeX\tex/generic/pgf/math
\pgfmathfunctions.integerarithmetics.code.tex)))
(C:\Users\ΕΥΑΓΓΕΛΙΑ\AppData\Local\Programs\MiKTeX\tex/generic/pgf/math
\pgfmathfloat.code.tex
\c@pgfmathroundto@lastzeros=\count293
))
(C:\Users\ΕΥΑΓΓΕΛΙΑ\AppData\Local\Programs\MiKTeX\tex/generic/pgf/math
\pgfint.code.tex)
(C:\Users\ΕΥΑΓΓΕΛΙΑ\AppData\Local\Programs\MiKTeX\tex/generic/pgf/basi
clayer\pgfcorepoints.code.tex
File: pgfcorepoints.code.tex 2021/05/15 v3.1.9a (3.1.9a)
\pgf@picminx=\dimen182
\pgf@picmaxx=\dimen183
\pgf@picminy=\dimen184
\pgf@picmaxy=\dimen185
\pgf@pathminx=\dimen186
\pgf@pathmaxx=\dimen187
\pgf@pathminy=\dimen188
\pgf@pathmaxy=\dimen189
\pgf@xx=\dimen190
\pgf@xy=\dimen191
\pgf@yx=\dimen192
\pgf@yy=\dimen193
\pgf@zx=\dimen194
\pgf@zy=\dimen195
)
(C:\Users\ΕΥΑΓΓΕΛΙΑ\AppData\Local\Programs\MiKTeX\tex/generic/pgf/basi
clayer\pgfcorepathconstruct.code.tex
File: pgfcorepathconstruct.code.tex 2021/05/15 v3.1.9a (3.1.9a)
\pgf@path@lastx=\dimen196
\pgf@path@lasty=\dimen197
)
(C:\Users\ΕΥΑΓΓΕΛΙΑ\AppData\Local\Programs\MiKTeX\tex/generic/pgf/basi
clayer\pgfcorepathusage.code.tex
File: pgfcorepathusage.code.tex 2021/05/15 v3.1.9a (3.1.9a)
\pgf@shorten@end@additional=\dimen198
\pgf@shorten@start@additional=\dimen199
)
(C:\Users\ΕΥΑΓΓΕΛΙΑ\AppData\Local\Programs\MiKTeX\tex/generic/pgf/basi
clayer\pgfcorescopes.code.tex
File: pgfcorescopes.code.tex 2021/05/15 v3.1.9a (3.1.9a)
\pgfpic=\box57
\pgf@hbox=\box58
\pgf@layerbox@main=\box59
\pgf@picture@serial@count=\count294
)
(C:\Users\ΕΥΑΓΓΕΛΙΑ\AppData\Local\Programs\MiKTeX\tex/generic/pgf/basi
clayer\pgfcoregraphicstate.code.tex
File: pgfcoregraphicstate.code.tex 2021/05/15 v3.1.9a (3.1.9a)
\pgflinewidth=\dimen256
)
(C:\Users\ΕΥΑΓΓΕΛΙΑ\AppData\Local\Programs\MiKTeX\tex/generic/pgf/basi
clayer\pgfcoretransformations.code.tex
File: pgfcoretransformations.code.tex 2021/05/15 v3.1.9a (3.1.9a)
\pgf@pt@x=\dimen257
\pgf@pt@y=\dimen258
\pgf@pt@temp=\dimen259
)
(C:\Users\ΕΥΑΓΓΕΛΙΑ\AppData\Local\Programs\MiKTeX\tex/generic/pgf/basi
clayer\pgfcorequick.code.tex
File: pgfcorequick.code.tex 2021/05/15 v3.1.9a (3.1.9a)
)
(C:\Users\ΕΥΑΓΓΕΛΙΑ\AppData\Local\Programs\MiKTeX\tex/generic/pgf/basi
clayer\pgfcoreobjects.code.tex
File: pgfcoreobjects.code.tex 2021/05/15 v3.1.9a (3.1.9a)
)
(C:\Users\ΕΥΑΓΓΕΛΙΑ\AppData\Local\Programs\MiKTeX\tex/generic/pgf/basi
clayer\pgfcorepathprocessing.code.tex
File: pgfcorepathprocessing.code.tex 2021/05/15 v3.1.9a (3.1.9a)
)
(C:\Users\ΕΥΑΓΓΕΛΙΑ\AppData\Local\Programs\MiKTeX\tex/generic/pgf/basi
clayer\pgfcorearrows.code.tex
File: pgfcorearrows.code.tex 2021/05/15 v3.1.9a (3.1.9a)
\pgfarrowsep=\dimen260
)
(C:\Users\ΕΥΑΓΓΕΛΙΑ\AppData\Local\Programs\MiKTeX\tex/generic/pgf/basi
clayer\pgfcoreshade.code.tex
File: pgfcoreshade.code.tex 2021/05/15 v3.1.9a (3.1.9a)
\pgf@max=\dimen261
\pgf@sys@shading@range@num=\count295
\pgf@shadingcount=\count296
)
(C:\Users\ΕΥΑΓΓΕΛΙΑ\AppData\Local\Programs\MiKTeX\tex/generic/pgf/basi
clayer\pgfcoreimage.code.tex
File: pgfcoreimage.code.tex 2021/05/15 v3.1.9a (3.1.9a)

(C:\Users\ΕΥΑΓΓΕΛΙΑ\AppData\Local\Programs\MiKTeX\tex/generic/pgf/basi
clayer\pgfcoreexternal.code.tex
File: pgfcoreexternal.code.tex 2021/05/15 v3.1.9a (3.1.9a)
\pgfexternal@startupbox=\box60
))
(C:\Users\ΕΥΑΓΓΕΛΙΑ\AppData\Local\Programs\MiKTeX\tex/generic/pgf/basi
clayer\pgfcorelayers.code.tex
File: pgfcorelayers.code.tex 2021/05/15 v3.1.9a (3.1.9a)
)
(C:\Users\ΕΥΑΓΓΕΛΙΑ\AppData\Local\Programs\MiKTeX\tex/generic/pgf/basi
clayer\pgfcoretransparency.code.tex
File: pgfcoretransparency.code.tex 2021/05/15 v3.1.9a (3.1.9a)
)
(C:\Users\ΕΥΑΓΓΕΛΙΑ\AppData\Local\Programs\MiKTeX\tex/generic/pgf/basi
clayer\pgfcorepatterns.code.tex
File: pgfcorepatterns.code.tex 2021/05/15 v3.1.9a (3.1.9a)
)
(C:\Users\ΕΥΑΓΓΕΛΙΑ\AppData\Local\Programs\MiKTeX\tex/generic/pgf/basi
clayer\pgfcorerdf.code.tex
File: pgfcorerdf.code.tex 2021/05/15 v3.1.9a (3.1.9a)
)))
(C:\Users\ΕΥΑΓΓΕΛΙΑ\AppData\Local\Programs\MiKTeX\tex/generic/pgf/modu
les\pgfmoduleshapes.code.tex
File: pgfmoduleshapes.code.tex 2021/05/15 v3.1.9a (3.1.9a)
\pgfnodeparttextbox=\box61
)
(C:\Users\ΕΥΑΓΓΕΛΙΑ\AppData\Local\Programs\MiKTeX\tex/generic/pgf/modu
les\pgfmoduleplot.code.tex
File: pgfmoduleplot.code.tex 2021/05/15 v3.1.9a (3.1.9a)
)
(C:\Users\ΕΥΑΓΓΕΛΙΑ\AppData\Local\Programs\MiKTeX\tex/latex/pgf/compat
ibility\pgfcomp-version-0-65.sty
Package: pgfcomp-version-0-65 2021/05/15 v3.1.9a (3.1.9a)
\pgf@nodesepstart=\dimen262
\pgf@nodesepend=\dimen263
)
(C:\Users\ΕΥΑΓΓΕΛΙΑ\AppData\Local\Programs\MiKTeX\tex/latex/pgf/compat
ibility\pgfcomp-version-1-18.sty
Package: pgfcomp-version-1-18 2021/05/15 v3.1.9a (3.1.9a)
))
(C:\Users\ΕΥΑΓΓΕΛΙΑ\AppData\Local\Programs\MiKTeX\tex/latex/pgf/utilit
ies\pgffor.sty
(C:\Users\ΕΥΑΓΓΕΛΙΑ\AppData\Local\Programs\MiKTeX\tex/latex/pgf/utilit
ies\pgfkeys.sty
(C:\Users\ΕΥΑΓΓΕΛΙΑ\AppData\Local\Programs\MiKTeX\tex/generic/pgf/util
ities\pgfkeys.code.tex))
(C:\Users\ΕΥΑΓΓΕΛΙΑ\AppData\Local\Programs\MiKTeX\tex/latex/pgf/math\p
gfmath.sty
(C:\Users\ΕΥΑΓΓΕΛΙΑ\AppData\Local\Programs\MiKTeX\tex/generic/pgf/math
\pgfmath.code.tex))
(C:\Users\ΕΥΑΓΓΕΛΙΑ\AppData\Local\Programs\MiKTeX\tex/generic/pgf/util
ities\pgffor.code.tex
Package: pgffor 2021/05/15 v3.1.9a (3.1.9a)

(C:\Users\ΕΥΑΓΓΕΛΙΑ\AppData\Local\Programs\MiKTeX\tex/generic/pgf/math
\pgfmath.code.tex)
\pgffor@iter=\dimen264
\pgffor@skip=\dimen265
\pgffor@stack=\toks40
\pgffor@toks=\toks41
))
(C:\Users\ΕΥΑΓΓΕΛΙΑ\AppData\Local\Programs\MiKTeX\tex/generic/pgf/fron
tendlayer/tikz\tikz.code.tex
Package: tikz 2021/05/15 v3.1.9a (3.1.9a)

(C:\Users\ΕΥΑΓΓΕΛΙΑ\AppData\Local\Programs\MiKTeX\tex/generic/pgf/libr
aries\pgflibraryplothandlers.code.tex
File: pgflibraryplothandlers.code.tex 2021/05/15 v3.1.9a (3.1.9a)
\pgf@plot@mark@count=\count297
\pgfplotmarksize=\dimen266
)
\tikz@lastx=\dimen267
\tikz@lasty=\dimen268
\tikz@lastxsaved=\dimen269
\tikz@lastysaved=\dimen270
\tikz@lastmovetox=\dimen271
\tikz@lastmovetoy=\dimen272
\tikzleveldistance=\dimen273
\tikzsiblingdistance=\dimen274
\tikz@figbox=\box62
\tikz@figbox@bg=\box63
\tikz@tempbox=\box64
\tikz@tempbox@bg=\box65
\tikztreelevel=\count298
\tikznumberofchildren=\count299
\tikznumberofcurrentchild=\count300
\tikz@fig@count=\count301

(C:\Users\ΕΥΑΓΓΕΛΙΑ\AppData\Local\Programs\MiKTeX\tex/generic/pgf/modu
les\pgfmodulematrix.code.tex
File: pgfmodulematrix.code.tex 2021/05/15 v3.1.9a (3.1.9a)
\pgfmatrixcurrentrow=\count302
\pgfmatrixcurrentcolumn=\count303
\pgf@matrix@numberofcolumns=\count304
)
\tikz@expandcount=\count305

(C:\Users\ΕΥΑΓΓΕΛΙΑ\AppData\Local\Programs\MiKTeX\tex/generic/pgf/fron
tendlayer/tikz/libraries\tikzlibrarytopaths.code.tex
File: tikzlibrarytopaths.code.tex 2021/05/15 v3.1.9a (3.1.9a)
)))
(C:\Users\ΕΥΑΓΓΕΛΙΑ\AppData\Local\Programs\MiKTeX\tex/latex/titlesec\t
itlesec.sty
Package: titlesec 2021/07/05 v2.14 Sectioning titles
\ttl@box=\box66
\beforetitleunit=\skip56
\aftertitleunit=\skip57
\ttl@plus=\dimen275
\ttl@minus=\dimen276
\ttl@toksa=\toks42
\titlewidth=\dimen277
\titlewidthlast=\dimen278
\titlewidthfirst=\dimen279
)
(C:\Users\ΕΥΑΓΓΕΛΙΑ\AppData\Local\Programs\MiKTeX\tex/latex/caption\ca
ption.sty
Package: caption 2022/03/01 v3.6b Customizing captions (AR)

(C:\Users\ΕΥΑΓΓΕΛΙΑ\AppData\Local\Programs\MiKTeX\tex/latex/caption\ca
ption3.sty
Package: caption3 2022/03/17 v2.3b caption3 kernel (AR)
\caption@tempdima=\dimen280
\captionmargin=\dimen281
\caption@leftmargin=\dimen282
\caption@rightmargin=\dimen283
\caption@width=\dimen284
\caption@indent=\dimen285
\caption@parindent=\dimen286
\caption@hangindent=\dimen287
Package caption Info: Standard document class detected.
)
\c@caption@flags=\count306
\c@continuedfloat=\count307
Package caption Info: float package is loaded.
)
(C:\Users\ΕΥΑΓΓΕΛΙΑ\AppData\Local\Programs\MiKTeX\tex/latex/footmisc\f
ootmisc.sty
Package: footmisc 2022/03/08 v6.0d a miscellany of footnote facilities
\FN@temptoken=\toks43
\footnotemargin=\dimen288
\@outputbox@depth=\dimen289
Package footmisc Info: Declaring symbol style bringhurst on input line 695.
Package footmisc Info: Declaring symbol style chicago on input line 703.
Package footmisc Info: Declaring symbol style wiley on input line 712.
Package footmisc Info: Declaring symbol style lamport-robust on input line 723.

Package footmisc Info: Declaring symbol style lamport* on input line 743.
Package footmisc Info: Declaring symbol style lamport*-robust on input line 764
.
)
(C:\Users\ΕΥΑΓΓΕΛΙΑ\AppData\Local\Programs\MiKTeX\tex/latex/appendix\a
ppendix.sty
Package: appendix 2020/02/08 v1.2c extra appendix facilities
\c@@pps=\count308
\c@@ppsavesec=\count309
\c@@ppsaveapp=\count310
)
(C:\Users\ΕΥΑΓΓΕΛΙΑ\AppData\Local\Programs\MiKTeX\tex/latex/csquotes\c
squotes.sty
Package: csquotes 2021-02-22 v5.2l context-sensitive quotations (JAW)

(C:\Users\ΕΥΑΓΓΕΛΙΑ\AppData\Local\Programs\MiKTeX\tex/latex/etoolbox\e
toolbox.sty
Package: etoolbox 2020/10/05 v2.5k e-TeX tools for LaTeX (JAW)
\etb@tempcnta=\count311
)
\csq@reset=\count312
\csq@gtype=\count313
\csq@glevel=\count314
\csq@qlevel=\count315
\csq@maxlvl=\count316
\csq@tshold=\count317
\csq@ltx@everypar=\toks44

(C:\Users\ΕΥΑΓΓΕΛΙΑ\AppData\Local\Programs\MiKTeX\tex/latex/csquotes\c
squotes.def
File: csquotes.def 2021-02-22 v5.2l csquotes generic definitions (JAW)
)
Package csquotes Info: Trying to load configuration file 'csquotes.cfg'...
Package csquotes Info: ... configuration file loaded successfully.

(C:\Users\ΕΥΑΓΓΕΛΙΑ\AppData\Local\Programs\MiKTeX\tex/latex/csquotes\c
squotes.cfg
File: csquotes.cfg 
))
(C:\Users\ΕΥΑΓΓΕΛΙΑ\AppData\Local\Programs\MiKTeX\tex/latex/cancel\can
cel.sty
Package: cancel 2013/04/12 v2.2 Cancel math terms
)
(C:\Users\ΕΥΑΓΓΕΛΙΑ\AppData\Local\Programs\MiKTeX\tex/latex/wrapfig\wr
apfig.sty
\wrapoverhang=\dimen290
\WF@size=\dimen291
\c@WF@wrappedlines=\count318
\WF@box=\box67
\WF@everypar=\toks45
Package: wrapfig 2003/01/31  v 3.6
)
(C:\Users\ΕΥΑΓΓΕΛΙΑ\AppData\Local\Programs\MiKTeX\tex/latex/tools\bm.s
ty
Package: bm 2021/04/25 v1.2e Bold Symbol Support (DPC/FMi)
\symboldoperators=\mathgroup6
\symboldletters=\mathgroup7
\symboldsymbols=\mathgroup8
Package bm Info: No bold for \OMX/cmex/m/n, using \pmb.
Package bm Info: No bold for \U/msa/m/n, using \pmb.
Package bm Info: No bold for \U/msb/m/n, using \pmb.
LaTeX Font Info:    Redeclaring math alphabet \mathbf on input line 149.
)
(C:\Users\ΕΥΑΓΓΕΛΙΑ\AppData\Local\Programs\MiKTeX\tex/latex/listings\l
istings.sty
\lst@mode=\count319
\lst@gtempboxa=\box68
\lst@token=\toks46
\lst@length=\count320
\lst@currlwidth=\dimen292
\lst@column=\count321
\lst@pos=\count322
\lst@lostspace=\dimen293
\lst@width=\dimen294
\lst@newlines=\count323
\lst@lineno=\count324
\lst@maxwidth=\dimen295

(C:\Users\ΕΥΑΓΓΕΛΙΑ\AppData\Local\Programs\MiKTeX\tex/latex/listings\l
stmisc.sty
File: lstmisc.sty 2020/03/24 1.8d (Carsten Heinz)
\c@lstnumber=\count325
\lst@skipnumbers=\count326
\lst@framebox=\box69
)
(C:\Users\ΕΥΑΓΓΕΛΙΑ\AppData\Local\Programs\MiKTeX\tex/latex/listings\l
istings.cfg
File: listings.cfg 2020/03/24 1.8d listings configuration
))
Package: listings 2020/03/24 1.8d (Carsten Heinz)

(C:\Users\ΕΥΑΓΓΕΛΙΑ\AppData\Local\Programs\MiKTeX\tex/latex/caption\su
bcaption.sty
Package: subcaption 2022/01/07 v1.5 Sub-captions (AR)
\c@subfigure=\count327
\c@subtable=\count328
)
(C:\Users\ΕΥΑΓΓΕΛΙΑ\AppData\Local\Programs\MiKTeX\tex/latex/algorithm2
e\algorithm2e.sty
Package: algorithm2e 2017/07/18 v5.2 algorithms environments
\c@AlgoLine=\count329

(C:\Users\ΕΥΑΓΓΕΛΙΑ\AppData\Local\Programs\MiKTeX\tex/latex/base\ifthe
n.sty
Package: ifthen 2020/11/24 v1.1c Standard LaTeX ifthen package (DPC)
)
\algocf@hangindent=\skip58

(C:\Users\ΕΥΑΓΓΕΛΙΑ\AppData\Local\Programs\MiKTeX\tex/latex/ifoddpage\
ifoddpage.sty
Package: ifoddpage 2016/04/23 v1.1 Conditionals for odd/even page detection
\c@checkoddpage=\count330
)
(C:\Users\ΕΥΑΓΓΕΛΙΑ\AppData\Local\Programs\MiKTeX\tex/latex/tools\xspa
ce.sty
Package: xspace 2014/10/28 v1.13 Space after command names (DPC,MH)
)
(C:\Users\ΕΥΑΓΓΕΛΙΑ\AppData\Local\Programs\MiKTeX\tex/latex/relsize\re
lsize.sty
Package: relsize 2013/03/29 ver 4.1
)
\skiptotal=\skip59
\skiplinenumber=\skip60
\skiprule=\skip61
\skiphlne=\skip62
\skiptext=\skip63
\skiplength=\skip64
\algomargin=\skip65
\skipalgocfslide=\skip66
\algowidth=\dimen296
\inoutsize=\dimen297
\inoutindent=\dimen298
\interspacetitleruled=\dimen299
\interspacealgoruled=\dimen300
\interspacetitleboxruled=\dimen301
\algocf@ruledwidth=\skip67
\algocf@inoutbox=\box70
\algocf@inputbox=\box71
\AlCapSkip=\skip68
\AlCapHSkip=\skip69
\algoskipindent=\skip70
\algocf@nlbox=\box72
\algocf@hangingbox=\box73
\algocf@untilbox=\box74
\algocf@skipuntil=\skip71
\algocf@capbox=\box75
\algocf@lcaptionbox=\skip72
\algoheightruledefault=\skip73
\algoheightrule=\skip74
\algotitleheightruledefault=\skip75
\algotitleheightrule=\skip76
\c@algocfline=\count331
\c@algocfproc=\count332
\c@algocf=\count333
\algocf@algoframe=\box76
\algocf@algobox=\box77
)
(C:\Users\ΕΥΑΓΓΕΛΙΑ\AppData\Local\Programs\MiKTeX\tex/latex/matlab-pre
ttifier\matlab-prettifier.sty
Package: matlab-prettifier 2014/06/19 v0.3 A package for prettyprinting Matlab 
source code

(C:\Users\ΕΥΑΓΓΕΛΙΑ\AppData\Local\Programs\MiKTeX\tex/latex/base\textc
omp.sty
Package: textcomp 2020/02/02 v2.0n Standard LaTeX package
)
\netBracketCount@mlpr=\count334
\blkLvl@mlpr=\count335
\blkLvlAtClassdef@mlpr=\count336
\emHeight@mlpr=\skip77
\jayDepth@mlpr=\skip78
\sectionRuleOffset@mlpr=\skip79
\toks@mlpr=\toks47
)
(C:\Users\ΕΥΑΓΓΕΛΙΑ\AppData\Local\Programs\MiKTeX\tex/latex/optidef\op
tidef.sty
Package: optidef 2019/04/23 - version=3.1, Package for defining optimization pr
oblems

(C:\Users\ΕΥΑΓΓΕΛΙΑ\AppData\Local\Programs\MiKTeX\tex/latex/environ\en
viron.sty
Package: environ 2014/05/04 v0.3 A new way to define environments

(C:\Users\ΕΥΑΓΓΕΛΙΑ\AppData\Local\Programs\MiKTeX\tex/latex/trimspaces
\trimspaces.sty
Package: trimspaces 2009/09/17 v1.1 Trim spaces around a token list
))
(C:\Users\ΕΥΑΓΓΕΛΙΑ\AppData\Local\Programs\MiKTeX\tex/latex/xifthen\xi
fthen.sty
Package: xifthen 2015/11/05 v1.4.0 Extended ifthen features

(C:\Users\ΕΥΑΓΓΕΛΙΑ\AppData\Local\Programs\MiKTeX\tex/latex/ifmtarg\if
mtarg.sty
Package: ifmtarg 2018/04/16 v1.2b check for an empty argument
))
(C:\Users\ΕΥΑΓΓΕΛΙΑ\AppData\Local\Programs\MiKTeX\tex/latex/l3packages
/xparse\xparse.sty
(C:\Users\ΕΥΑΓΓΕΛΙΑ\AppData\Local\Programs\MiKTeX\tex/latex/l3kernel\e
xpl3.sty
Package: expl3 2022-02-24 L3 programming layer (loader) 

(C:\Users\ΕΥΑΓΓΕΛΙΑ\AppData\Local\Programs\MiKTeX\tex/latex/l3backend\
l3backend-pdftex.def
File: l3backend-pdftex.def 2022-02-07 L3 backend support: PDF output (pdfTeX)
\l__color_backend_stack_int=\count337
\l__pdf_internal_box=\box78
))
Package: xparse 2022-01-12 L3 Experimental document command parser
)
\widthInit=\skip80
)
(C:\Users\ΕΥΑΓΓΕΛΙΑ\AppData\Local\Programs\MiKTeX\tex/latex/hyperref\h
yperref.sty
Package: hyperref 2022-02-21 v7.00n Hypertext links for LaTeX

(C:\Users\ΕΥΑΓΓΕΛΙΑ\AppData\Local\Programs\MiKTeX\tex/generic/ltxcmds\
ltxcmds.sty
Package: ltxcmds 2020-05-10 v1.25 LaTeX kernel commands for general use (HO)
)
(C:\Users\ΕΥΑΓΓΕΛΙΑ\AppData\Local\Programs\MiKTeX\tex/generic/pdftexcm
ds\pdftexcmds.sty
Package: pdftexcmds 2020-06-27 v0.33 Utility functions of pdfTeX for LuaTeX (HO
)

(C:\Users\ΕΥΑΓΓΕΛΙΑ\AppData\Local\Programs\MiKTeX\tex/generic/infwarer
r\infwarerr.sty
Package: infwarerr 2019/12/03 v1.5 Providing info/warning/error messages (HO)
)
Package pdftexcmds Info: \pdf@primitive is available.
Package pdftexcmds Info: \pdf@ifprimitive is available.
Package pdftexcmds Info: \pdfdraftmode found.
)
(C:\Users\ΕΥΑΓΓΕΛΙΑ\AppData\Local\Programs\MiKTeX\tex/generic/kvsetkey
s\kvsetkeys.sty
Package: kvsetkeys 2019/12/15 v1.18 Key value parser (HO)
)
(C:\Users\ΕΥΑΓΓΕΛΙΑ\AppData\Local\Programs\MiKTeX\tex/generic/kvdefine
keys\kvdefinekeys.sty
Package: kvdefinekeys 2019-12-19 v1.6 Define keys (HO)
)
(C:\Users\ΕΥΑΓΓΕΛΙΑ\AppData\Local\Programs\MiKTeX\tex/generic/pdfescap
e\pdfescape.sty
Package: pdfescape 2019/12/09 v1.15 Implements pdfTeX's escape features (HO)
)
(C:\Users\ΕΥΑΓΓΕΛΙΑ\AppData\Local\Programs\MiKTeX\tex/latex/hycolor\hy
color.sty
Package: hycolor 2020-01-27 v1.10 Color options for hyperref/bookmark (HO)
)
(C:\Users\ΕΥΑΓΓΕΛΙΑ\AppData\Local\Programs\MiKTeX\tex/latex/letltxmacr
o\letltxmacro.sty
Package: letltxmacro 2019/12/03 v1.6 Let assignment for LaTeX macros (HO)
)
(C:\Users\ΕΥΑΓΓΕΛΙΑ\AppData\Local\Programs\MiKTeX\tex/latex/auxhook\au
xhook.sty
Package: auxhook 2019-12-17 v1.6 Hooks for auxiliary files (HO)
)
(C:\Users\ΕΥΑΓΓΕΛΙΑ\AppData\Local\Programs\MiKTeX\tex/latex/kvoptions\
kvoptions.sty
Package: kvoptions 2020-10-07 v3.14 Key value format for package options (HO)
)
\@linkdim=\dimen302
\Hy@linkcounter=\count338
\Hy@pagecounter=\count339

(C:\Users\ΕΥΑΓΓΕΛΙΑ\AppData\Local\Programs\MiKTeX\tex/latex/hyperref\p
d1enc.def
File: pd1enc.def 2022-02-21 v7.00n Hyperref: PDFDocEncoding definition (HO)
)
(C:\Users\ΕΥΑΓΓΕΛΙΑ\AppData\Local\Programs\MiKTeX\tex/generic/intcalc\
intcalc.sty
Package: intcalc 2019/12/15 v1.3 Expandable calculations with integers (HO)
)
(C:\Users\ΕΥΑΓΓΕΛΙΑ\AppData\Local\Programs\MiKTeX\tex/generic/etexcmds
\etexcmds.sty
Package: etexcmds 2019/12/15 v1.7 Avoid name clashes with e-TeX commands (HO)
)
\Hy@SavedSpaceFactor=\count340

(C:\Users\ΕΥΑΓΓΕΛΙΑ\AppData\Local\Programs\MiKTeX\tex/latex/hyperref\p
uenc.def
File: puenc.def 2022-02-21 v7.00n Hyperref: PDF Unicode definition (HO)

(C:\Users\ΕΥΑΓΓΕΛΙΑ\AppData\Local\Programs\MiKTeX\tex/latex/hyperref\p
uenc-greekbasic.def
File: puenc-greekbasic.def 2022-02-21 v7.00n Hyperref: PDF Unicode definition (
greek block) (HO)
))
Package hyperref Info: Hyper figures OFF on input line 4137.
Package hyperref Info: Link nesting OFF on input line 4142.
Package hyperref Info: Hyper index ON on input line 4145.
Package hyperref Info: Plain pages OFF on input line 4152.
Package hyperref Info: Backreferencing OFF on input line 4157.
Package hyperref Info: Implicit mode ON; LaTeX internals redefined.
Package hyperref Info: Bookmarks ON on input line 4390.
\c@Hy@tempcnt=\count341

(C:\Users\ΕΥΑΓΓΕΛΙΑ\AppData\Local\Programs\MiKTeX\tex/latex/url\url.st
y
\Urlmuskip=\muskip17
Package: url 2013/09/16  ver 3.4  Verb mode for urls, etc.
)
LaTeX Info: Redefining \url on input line 4749.
\XeTeXLinkMargin=\dimen303

(C:\Users\ΕΥΑΓΓΕΛΙΑ\AppData\Local\Programs\MiKTeX\tex/generic/bitset\b
itset.sty
Package: bitset 2019/12/09 v1.3 Handle bit-vector datatype (HO)

(C:\Users\ΕΥΑΓΓΕΛΙΑ\AppData\Local\Programs\MiKTeX\tex/generic/bigintca
lc\bigintcalc.sty
Package: bigintcalc 2019/12/15 v1.5 Expandable calculations on big integers (HO
)
))
\Fld@menulength=\count342
\Field@Width=\dimen304
\Fld@charsize=\dimen305
Package hyperref Info: Hyper figures OFF on input line 6027.
Package hyperref Info: Link nesting OFF on input line 6032.
Package hyperref Info: Hyper index ON on input line 6035.
Package hyperref Info: backreferencing OFF on input line 6042.
Package hyperref Info: Link coloring OFF on input line 6047.
Package hyperref Info: Link coloring with OCG OFF on input line 6052.
Package hyperref Info: PDF/A mode OFF on input line 6057.
LaTeX Info: Redefining \ref on input line 6097.
LaTeX Info: Redefining \pageref on input line 6101.

(C:\Users\ΕΥΑΓΓΕΛΙΑ\AppData\Local\Programs\MiKTeX\tex/latex/base\atbeg
shi-ltx.sty
Package: atbegshi-ltx 2021/01/10 v1.0c Emulation of the original atbegshi
package with kernel methods
)
\Hy@abspage=\count343
\c@Item=\count344
\c@Hfootnote=\count345
)
Package hyperref Info: Driver (autodetected): hpdftex.

(C:\Users\ΕΥΑΓΓΕΛΙΑ\AppData\Local\Programs\MiKTeX\tex/latex/hyperref\h
pdftex.def
File: hpdftex.def 2022-02-21 v7.00n Hyperref driver for pdfTeX

(C:\Users\ΕΥΑΓΓΕΛΙΑ\AppData\Local\Programs\MiKTeX\tex/latex/base\atver
yend-ltx.sty
Package: atveryend-ltx 2020/08/19 v1.0a Emulation of the original atveryend pac
kage
with kernel methods
)
\Fld@listcount=\count346
\c@bookmark@seq@number=\count347

(C:\Users\ΕΥΑΓΓΕΛΙΑ\AppData\Local\Programs\MiKTeX\tex/latex/rerunfilec
heck\rerunfilecheck.sty
Package: rerunfilecheck 2019/12/05 v1.9 Rerun checks for auxiliary files (HO)

(C:\Users\ΕΥΑΓΓΕΛΙΑ\AppData\Local\Programs\MiKTeX\tex/generic/uniqueco
unter\uniquecounter.sty
Package: uniquecounter 2019/12/15 v1.4 Provide unlimited unique counter (HO)
)
Package uniquecounter Info: New unique counter `rerunfilecheck' on input line 2
86.
)
\Hy@SectionHShift=\skip81
)
(C:\Users\ΕΥΑΓΓΕΛΙΑ\AppData\Local\Programs\MiKTeX\tex/latex/enumitem\e
numitem.sty
Package: enumitem 2019/06/20 v3.9 Customized lists
\labelindent=\skip82
\enit@outerparindent=\dimen306
\enit@toks=\toks48
\enit@inbox=\box79
\enit@count@id=\count348
\enitdp@description=\count349
)
Package hyperref Info: Option `colorlinks' set `true' on input line 65.
Package csquotes Info: Checking for multilingual support...
Package csquotes Info: ... found 'babel' package.
Package csquotes Info: Adjusting default style.
Package csquotes Info: Redefining alias 'default' -> 'english'.
 (report1.aux

LaTeX Warning: Label `beck' multiply defined.


LaTeX Warning: Label `beck' multiply defined.


LaTeX Warning: Label `beck' multiply defined.


LaTeX Warning: Label `beck' multiply defined.


LaTeX Warning: Label `beck' multiply defined.


LaTeX Warning: Label `beck' multiply defined.

)
\openout1 = `report1.aux'.

LaTeX Font Info:    Checking defaults for OML/cmm/m/it on input line 76.
LaTeX Font Info:    ... okay on input line 76.
LaTeX Font Info:    Checking defaults for OMS/cmsy/m/n on input line 76.
LaTeX Font Info:    ... okay on input line 76.
LaTeX Font Info:    Checking defaults for OT1/cmr/m/n on input line 76.
LaTeX Font Info:    ... okay on input line 76.
LaTeX Font Info:    Checking defaults for T1/cmr/m/n on input line 76.
LaTeX Font Info:    ... okay on input line 76.
LaTeX Font Info:    Checking defaults for TS1/cmr/m/n on input line 76.
LaTeX Font Info:    ... okay on input line 76.
LaTeX Font Info:    Checking defaults for OMX/cmex/m/n on input line 76.
LaTeX Font Info:    ... okay on input line 76.
LaTeX Font Info:    Checking defaults for U/cmr/m/n on input line 76.
LaTeX Font Info:    ... okay on input line 76.
LaTeX Font Info:    Checking defaults for LGR/cmr/m/n on input line 76.
LaTeX Font Info:    Trying to load font information for LGR+cmr on input line 7
6.

(C:\Users\ΕΥΑΓΓΕΛΙΑ\AppData\Local\Programs\MiKTeX\tex/latex/cbfonts-fd
\lgrcmr.fd
File: lgrcmr.fd 2017/07/29 v1.2 Greek European Computer Regular
)
LaTeX Font Info:    ... okay on input line 76.
LaTeX Font Info:    Checking defaults for PD1/pdf/m/n on input line 76.
LaTeX Font Info:    ... okay on input line 76.
LaTeX Font Info:    Checking defaults for PU/pdf/m/n on input line 76.
LaTeX Font Info:    ... okay on input line 76.

(C:\Users\ΕΥΑΓΓΕΛΙΑ\AppData\Local\Programs\MiKTeX\tex/latex/ucs\ucsenc
s.def
File: ucsencs.def 2011/01/21 Fixes to fontencodings LGR, T3
LGR\textpentedeka already defined.
LGR\textpenteqilioi already defined.
LGR\textpentemuria already defined.
LGR\textstigma already defined.
LGR\textqoppa already defined.
LGR\texteuro already defined.
LGR\textperthousand already defined.
LGR\textquoteleft already defined.
LGR\textquoteright already defined.
LGR\u already defined.
LGR\= already defined.
LGR\" already defined.
LGR\textpercent already defined.
LGR\textperiodcentered already defined.
LGR\' already defined.
LGR\textanoteleia already defined.
LGR\textAlpha already defined.
LGR\textBeta already defined.
LGR\textDelta already defined.
LGR\textEpsilon already defined.
LGR\textPhi already defined.
LGR\textGamma already defined.
LGR\textEta already defined.
LGR\textIota already defined.
LGR\textTheta already defined.
LGR\textKappa already defined.
LGR\textLambda already defined.
LGR\textMu already defined.
LGR\textNu already defined.
LGR\textOmicron already defined.
LGR\textPi already defined.
LGR\textChi already defined.
LGR\textRho already defined.
LGR\textSigma already defined.
LGR\textTau already defined.
LGR\textUpsilon already defined.
LGR\textOmega already defined.
LGR\textXi already defined.
LGR\textPsi already defined.
LGR\textZeta already defined.
LGR\` already defined.
LGR\textalpha already defined.
LGR\textbeta already defined.
LGR\textvarsigma already defined.
LGR\textdelta already defined.
LGR\textepsilon already defined.
LGR\textphi already defined.
LGR\textgamma already defined.
LGR\texteta already defined.
LGR\textiota already defined.
LGR\texttheta already defined.
LGR\textkappa already defined.
LGR\textlambda already defined.
LGR\textmu already defined.
LGR\textnu already defined.
LGR\textomicron already defined.
LGR\textpi already defined.
LGR\textchi already defined.
LGR\textrho already defined.
LGR\textautosigma already defined.
LGR\textsigma already defined.
LGR\texttau already defined.
LGR\textupsilon already defined.
LGR\textomega already defined.
LGR\textxi already defined.
LGR\textpsi already defined.
LGR\textzeta already defined.
LGR\guillemotleft already defined.
LGR\guillemotright already defined.
LGR\~ already defined.
LGR\textemdash already defined.
LGR\textdigamma already defined.
LGR\textDigamma already defined.
LGR\textdexiakeraia already defined.
LGR\textaristerikeraia already defined.

fontencoding LGR patched
)

Package utf8x.def Warning: Character(s)159 etc.gotredefinedsomewhere.
(utf8x.def)                Restoringtoitsutf8x-meaning on input line 76.

*geometry* driver: auto-detecting
*geometry* detected driver: pdftex
*geometry* verbose mode - [ preamble ] result:
* driver: pdftex
* paper: <default>
* layout: <same size as paper>
* layoutoffset:(h,v)=(0.0pt,0.0pt)
* modes: 
* h-part:(L,W,R)=(92.14519pt, 430.00462pt, 92.14519pt)
* v-part:(T,H,B)=(95.39737pt, 556.47656pt, 143.09605pt)
* \paperwidth=614.295pt
* \paperheight=794.96999pt
* \textwidth=442.65375pt
* \textheight=636.60028pt
* \oddsidemargin=9.03374pt
* \evensidemargin=9.03374pt
* \topmargin=0.0pt
* \headheight=12.0pt
* \headsep=25.0pt
* \topskip=11.0pt
* \footskip=30.0pt
* \marginparwidth=54.2025pt
* \marginparsep=10.0pt
* \columnsep=10.0pt
* \skip\footins=10.0pt plus 4.0pt minus 2.0pt
* \hoffset=0.0pt
* \voffset=0.0pt
* \mag=1000
* \@twocolumnfalse
* \@twosidefalse
* \@mparswitchfalse
* \@reversemarginfalse
* (1in=72.27pt=25.4mm, 1cm=28.453pt)


(C:\Users\ΕΥΑΓΓΕΛΙΑ\AppData\Local\Programs\MiKTeX\tex/latex/greek-font
enc\puenc-greek.def
File: puenc-greek.def 2020/10/18 2.0 Greek LICRs for PDF strings

(C:\Users\ΕΥΑΓΓΕΛΙΑ\AppData\Local\Programs\MiKTeX\tex/latex/greek-font
enc\greek-fontenc.def
File: greek-fontenc.def 2020/10/30 2.0 Common Greek font encoding definitions
))
(C:\Users\ΕΥΑΓΓΕΛΙΑ\AppData\Local\Programs\MiKTeX\tex/context/base/mki
i\supp-pdf.mkii
[Loading MPS to PDF converter (version 2006.09.02).]
\scratchcounter=\count350
\scratchdimen=\dimen307
\scratchbox=\box80
\nofMPsegments=\count351
\nofMParguments=\count352
\everyMPshowfont=\toks49
\MPscratchCnt=\count353
\MPscratchDim=\dimen308
\MPnumerator=\count354
\makeMPintoPDFobject=\count355
\everyMPtoPDFconversion=\toks50
)
(C:\Users\ΕΥΑΓΓΕΛΙΑ\AppData\Local\Programs\MiKTeX\tex/latex/epstopdf-p
kg\epstopdf-base.sty
Package: epstopdf-base 2020-01-24 v2.11 Base part for package epstopdf
Package epstopdf-base Info: Redefining graphics rule for `.eps' on input line 4
85.

(C:\Users\ΕΥΑΓΓΕΛΙΑ\AppData\Local\Programs\MiKTeX\tex/latex/00miktex\e
pstopdf-sys.cfg
File: epstopdf-sys.cfg 2021/03/18 v2.0 Configuration of epstopdf for MiKTeX
))
Package caption Info: Begin \AtBeginDocument code.
Package caption Info: hyperref package is loaded.
Package caption Info: listings package is loaded.
Package caption Info: wrapfig package is loaded.
Package caption Info: End \AtBeginDocument code.
\c@lstlisting=\count356
Package hyperref Info: Link coloring ON on input line 76.

(C:\Users\ΕΥΑΓΓΕΛΙΑ\AppData\Local\Programs\MiKTeX\tex/latex/hyperref\n
ameref.sty
Package: nameref 2021-04-02 v2.47 Cross-referencing by name of section

(C:\Users\ΕΥΑΓΓΕΛΙΑ\AppData\Local\Programs\MiKTeX\tex/latex/refcount\r
efcount.sty
Package: refcount 2019/12/15 v3.6 Data extraction from label references (HO)
)
(C:\Users\ΕΥΑΓΓΕΛΙΑ\AppData\Local\Programs\MiKTeX\tex/generic/gettitle
string\gettitlestring.sty
Package: gettitlestring 2019/12/15 v1.6 Cleanup title references (HO)
)
\c@section@level=\count357
)
LaTeX Info: Redefining \ref on input line 76.
LaTeX Info: Redefining \pageref on input line 76.
LaTeX Info: Redefining \nameref on input line 76.
 (report1.out) (report1.out)
\@outlinefile=\write4
\openout4 = `report1.out'.

LaTeX Font Info:    Trying to load font information for U+msa on input line 89.


(C:\Users\ΕΥΑΓΓΕΛΙΑ\AppData\Local\Programs\MiKTeX\tex/latex/amsfonts\u
msa.fd
File: umsa.fd 2013/01/14 v3.01 AMS symbols A
)
LaTeX Font Info:    Trying to load font information for U+msb on input line 89.


(C:\Users\ΕΥΑΓΓΕΛΙΑ\AppData\Local\Programs\MiKTeX\tex/latex/amsfonts\u
msb.fd
File: umsb.fd 2013/01/14 v3.01 AMS symbols B
)
<./aueblogo.jpg, id=18, 903.375pt x 903.375pt>
File: ./aueblogo.jpg Graphic file (type jpg)
<use ./aueblogo.jpg>
Package pdftex.def Info: ./aueblogo.jpg  used on input line 92.
(pdftex.def)             Requested size: 132.79747pt x 132.79866pt.
 [1

{C:/Users/ΕΥΑΓΓΕΛΙΑ/AppData/Local/MiKTeX/fonts/map/pdftex/pdftex.map} 
<./aueblogo.jpg>] (report1.toc)
\tf@toc=\write5
\openout5 = `report1.toc'.


pdfTeX warning (ext4): destination with the same identifier (name{page.1}) has 
been already used, duplicate ignored
<to be read again> 
                   \relax 
l.101 	\newpage
                [1]
<figs/img/install_bitnami.png, id=34, 603.0028pt x 451.6875pt>
File: figs/img/install_bitnami.png Graphic file (type png)
<use figs/img/install_bitnami.png>
Package pdftex.def Info: figs/img/install_bitnami.png  used on input line 107.
(pdftex.def)             Requested size: 309.85626pt x 232.10129pt.
 [2 <./figs/img/install_bitnami.png>]
<figs/img/cmd3.png, id=42, 360.59718pt x 104.64093pt>
File: figs/img/cmd3.png Graphic file (type png)
<use figs/img/cmd3.png>
Package pdftex.def Info: figs/img/cmd3.png  used on input line 117.
(pdftex.def)             Requested size: 309.85626pt x 89.91597pt.
<figs/img/cmd5.png, id=43, 367.3725pt x 15.80907pt>
File: figs/img/cmd5.png Graphic file (type png)
<use figs/img/cmd5.png>
Package pdftex.def Info: figs/img/cmd5.png  used on input line 124.
(pdftex.def)             Requested size: 309.85626pt x 13.33475pt.
<figs/img/plot.png, id=44, 551.81157pt x 413.29407pt>
File: figs/img/plot.png Graphic file (type png)
<use figs/img/plot.png>
Package pdftex.def Info: figs/img/plot.png  used on input line 129.
(pdftex.def)             Requested size: 309.85626pt x 232.08633pt.
<figs/img/datagen_1.png, id=45, 473.51906pt x 656.4525pt>
File: figs/img/datagen_1.png Graphic file (type png)
<use figs/img/datagen_1.png>
Package pdftex.def Info: figs/img/datagen_1.png  used on input line 135.
(pdftex.def)             Requested size: 309.85626pt x 429.57387pt.
 [3 <./figs/img/cmd3.png> <./figs/img/cmd5.png> <./figs/img/plot.png>]
<figs/img/datagen_2.png, id=56, 526.21594pt x 356.0803pt>
File: figs/img/datagen_2.png Graphic file (type png)
<use figs/img/datagen_2.png>
Package pdftex.def Info: figs/img/datagen_2.png  used on input line 140.
(pdftex.def)             Requested size: 309.85626pt x 209.68349pt.
 [4 <./figs/img/datagen_1.png>]
[5 <./figs/img/datagen_2.png>]
<figs/img/configureArgs.png, id=69, 344.03531pt x 140.77594pt>
File: figs/img/configureArgs.png Graphic file (type png)
<use figs/img/configureArgs.png>
Package pdftex.def Info: figs/img/configureArgs.png  used on input line 152.
(pdftex.def)             Requested size: 309.85626pt x 126.78952pt.
<figs/img/load_centroids.png, id=70, 365.11406pt x 161.10187pt>
File: figs/img/load_centroids.png Graphic file (type png)
<use figs/img/load_centroids.png>
Package pdftex.def Info: figs/img/load_centroids.png  used on input line 159.
(pdftex.def)             Requested size: 309.85626pt x 136.72581pt.
 [6 <./figs/img/configureArgs.png> <./figs/img/load_centroids.png>]
<figs/img/mapper.png, id=80, 447.92343pt x 325.215pt>
File: figs/img/mapper.png Graphic file (type png)
<use figs/img/mapper.png>
Package pdftex.def Info: figs/img/mapper.png  used on input line 166.
(pdftex.def)             Requested size: 309.85626pt x 224.97919pt.
<figs/img/reducer.png, id=81, 236.38312pt x 176.15813pt>
File: figs/img/reducer.png Graphic file (type png)
<use figs/img/reducer.png>
Package pdftex.def Info: figs/img/reducer.png  used on input line 171.
(pdftex.def)             Requested size: 309.85626pt x 230.91934pt.
<figs/img/cmd4.png, id=82, 489.32813pt x 15.80907pt>
File: figs/img/cmd4.png Graphic file (type png)
<use figs/img/cmd4.png>
Package pdftex.def Info: figs/img/cmd4.png  used on input line 176.
(pdftex.def)             Requested size: 309.85626pt x 10.01088pt.
 [7 <./figs/img/mapper.png> <./figs/img/reducer.png>]
<figs/img/new_centroids.png, id=91, 334.24875pt x 42.91031pt>
File: figs/img/new_centroids.png Graphic file (type png)
<use figs/img/new_centroids.png>
Package pdftex.def Info: figs/img/new_centroids.png  used on input line 185.
(pdftex.def)             Requested size: 309.85626pt x 39.78175pt.
<figs/img/kmeans_1.png, id=92, 425.33907pt x 591.71063pt>
File: figs/img/kmeans_1.png Graphic file (type png)
<use figs/img/kmeans_1.png>
Package pdftex.def Info: figs/img/kmeans_1.png  used on input line 192.
(pdftex.def)             Requested size: 309.85626pt x 431.0784pt.

[8 <./figs/img/cmd4.png> <./figs/img/new_centroids.png>]
<figs/img/kmeans_2.png, id=101, 517.935pt x 637.63219pt>
File: figs/img/kmeans_2.png Graphic file (type png)
<use figs/img/kmeans_2.png>
Package pdftex.def Info: figs/img/kmeans_2.png  used on input line 197.
(pdftex.def)             Requested size: 309.85626pt x 381.48283pt.
 [9 <./figs/img/kmeans_1.png>] [10 <./figs/img/kmeans_2.png>]
Underfull \hbox (badness 10000) in paragraph at lines 204--205
[]\OT1/cmr/m/n/10.95 Hadoop pack-aged by Bit-nami, \OT1/cmr/bx/it/10.95 https:/
/bitnami.com/stack/hadoop/virtual-
 []


Overfull \hbox (72.11667pt too wide) in paragraph at lines 217--218
[]\OT1/cmr/m/n/10.95 skewnorm, \OT1/cmr/bx/it/10.95 https://docs.scipy.org/doc/
scipy/reference/generated/scipy.stats.skewnorm.html 
 []

[11
pdfTeX warning (ext4): destination with the same identifier (name{cite.beck}) h
as been already used, duplicate ignored
<argument> ...shipout:D \box_use:N \l_shipout_box 
                                                  \__shipout_drop_firstpage_...
l.233 \end{document}
                    
pdfTeX warning (ext4): destination with the same identifier (name{cite.beck}) h
as been already used, duplicate ignored
<argument> ...shipout:D \box_use:N \l_shipout_box 
                                                  \__shipout_drop_firstpage_...
l.233 \end{document}
                    
pdfTeX warning (ext4): destination with the same identifier (name{cite.beck}) h
as been already used, duplicate ignored
<argument> ...shipout:D \box_use:N \l_shipout_box 
                                                  \__shipout_drop_firstpage_...
l.233 \end{document}
                    
pdfTeX warning (ext4): destination with the same identifier (name{cite.beck}) h
as been already used, duplicate ignored
<argument> ...shipout:D \box_use:N \l_shipout_box 
                                                  \__shipout_drop_firstpage_...
l.233 \end{document}
                    
pdfTeX warning (ext4): destination with the same identifier (name{cite.beck}) h
as been already used, duplicate ignored
<argument> ...shipout:D \box_use:N \l_shipout_box 
                                                  \__shipout_drop_firstpage_...
l.233 \end{document}
                    
pdfTeX warning (ext4): destination with the same identifier (name{cite.beck}) h
as been already used, duplicate ignored
<argument> ...shipout:D \box_use:N \l_shipout_box 
                                                  \__shipout_drop_firstpage_...
l.233 \end{document}
                    ] (report1.aux)

LaTeX Warning: There were multiply-defined labels.

Package rerunfilecheck Info: File `report1.out' has not changed.
(rerunfilecheck)             Checksum: E6DAC53C95C55812AA541206B7DDA145;456.
 ) 
Here is how much of TeX's memory you used:
 30257 strings out of 478582
 570230 string characters out of 2838209
 839170 words of memory out of 3000000
 47870 multiletter control sequences out of 15000+600000
 481525 words of font info for 72 fonts, out of 8000000 for 9000
 1141 hyphenation exceptions out of 8191
 84i,8n,89p,879b,420s stack positions out of 10000i,1000n,20000p,200000b,80000s
<C:/Users/ΕΥΑΓΓΕΛΙΑ/AppData/Local/Programs/MiKTeX/fonts/type1/public
/amsfonts/cm/cmbx10.pfb><C:/Users/ΕΥΑΓΓΕΛΙΑ/AppData/Local/Programs/MiK
TeX/fonts/type1/public/amsfonts/cm/cmbx12.pfb><C:/Users/ΕΥΑΓΓΕΛΙΑ/AppD
ata/Local/Programs/MiKTeX/fonts/type1/public/amsfonts/cm/cmbxti10.pfb><C:/Users
/ΕΥΑΓΓΕΛΙΑ/AppData/Local/Programs/MiKTeX/fonts/type1/public/amsfonts/c
m/cmr10.pfb><C:/Users/ΕΥΑΓΓΕΛΙΑ/AppData/Local/Programs/MiKTeX/fonts/ty
pe1/public/amsfonts/cm/cmr12.pfb><C:/Users/ΕΥΑΓΓΕΛΙΑ/AppData/Local/Pro
grams/MiKTeX/fonts/type1/public/amsfonts/cm/cmtt10.pfb>
Output written on report1.pdf (12 pages, 388525 bytes).
PDF statistics:
 157 PDF objects out of 1000 (max. 8388607)
 30 named destinations out of 1000 (max. 500000)
 112 words of extra memory for PDF output out of 10000 (max. 10000000)

